<?xml version="1.0" encoding="UTF-8"?>
<!-- Generated by org.testng.reporters.JUnitXMLReporter -->
<testsuite ignored="0" hostname="LAPTOP-3BL16AQ1" failures="0" tests="6" name="Test" time="22.436" errors="0" timestamp="2023-06-22T18:37:49 IST">
  <testcase classname="TestNG.LoginToOrangeHRM_Chrome" name="enterUserName" time="3.886"/>
  <testcase classname="TestNG.LoginToOrangeHRM_Edge" name="enterUserName" time="2.112"/>
  <testcase classname="TestNG.LoginToOrangeHRM_Chrome" name="enterPassword" time="0.461"/>
  <testcase classname="TestNG.LoginToOrangeHRM_Edge" name="enterPassword" time="0.603"/>
  <testcase classname="TestNG.LoginToOrangeHRM_Chrome" name="clickLogin" time="2.592"/>
  <testcase classname="TestNG.LoginToOrangeHRM_Edge" name="clickLogin" time="1.857"/>
</testsuite> <!-- Test -->
