<?xml version="1.0" encoding="UTF-8"?>
<!-- Generated by org.testng.reporters.JUnitXMLReporter -->
<testsuite ignored="0" hostname="LAPTOP-3BL16AQ1" failures="0" tests="3" name="Default test" time="8.023" errors="0" timestamp="2023-07-06T07:53:30 IST">
  <testcase classname="Listeners.LoginTest" name="enterUserName" time="1.271"/>
  <testcase classname="Listeners.LoginTest" name="enterPassword" time="0.496"/>
  <testcase classname="Listeners.LoginTest" name="clickLogin" time="1.584"/>
</testsuite> <!-- Default test -->
