<?xml version="1.0" encoding="UTF-8"?>
<testng-results ignored="0" total="3" passed="3" failed="0" skipped="0">
  <reporter-output>
  </reporter-output>
  <suite started-at="2023-07-06T07:53:22 IST" name="Default suite" finished-at="2023-07-06T07:53:30 IST" duration-ms="8023">
    <groups>
    </groups>
    <test started-at="2023-07-06T07:53:22 IST" name="Default test" finished-at="2023-07-06T07:53:30 IST" duration-ms="8023">
      <class name="Listeners.LoginTest">
        <test-method is-config="true" signature="launchBrowser()[pri:0, instance:Listeners.LoginTest@dd05255]" started-at="2023-07-06T07:53:11 IST" name="launchBrowser" finished-at="2023-07-06T07:53:22 IST" duration-ms="10211" status="PASS">
          <reporter-output>
          </reporter-output>
        </test-method> <!-- launchBrowser -->
        <test-method is-config="true" signature="launchURL()[pri:0, instance:Listeners.LoginTest@dd05255]" started-at="2023-07-06T07:53:22 IST" name="launchURL" finished-at="2023-07-06T07:53:26 IST" duration-ms="4256" status="PASS">
          <reporter-output>
          </reporter-output>
        </test-method> <!-- launchURL -->
        <test-method is-config="true" signature="wait1()[pri:0, instance:Listeners.LoginTest@dd05255]" started-at="2023-07-06T07:53:26 IST" name="wait1" finished-at="2023-07-06T07:53:26 IST" duration-ms="18" status="PASS">
          <reporter-output>
          </reporter-output>
        </test-method> <!-- wait1 -->
        <test-method signature="enterUserName()[pri:1, instance:Listeners.LoginTest@dd05255]" started-at="2023-07-06T07:53:26 IST" name="enterUserName" finished-at="2023-07-06T07:53:27 IST" duration-ms="1271" status="PASS">
          <reporter-output>
          </reporter-output>
        </test-method> <!-- enterUserName -->
        <test-method is-config="true" signature="wait2()[pri:0, instance:Listeners.LoginTest@dd05255]" started-at="2023-07-06T07:53:27 IST" name="wait2" finished-at="2023-07-06T07:53:27 IST" duration-ms="74" status="PASS">
          <reporter-output>
          </reporter-output>
        </test-method> <!-- wait2 -->
        <test-method is-config="true" signature="wait1()[pri:0, instance:Listeners.LoginTest@dd05255]" started-at="2023-07-06T07:53:27 IST" name="wait1" finished-at="2023-07-06T07:53:27 IST" duration-ms="16" status="PASS">
          <reporter-output>
          </reporter-output>
        </test-method> <!-- wait1 -->
        <test-method signature="enterPassword()[pri:2, instance:Listeners.LoginTest@dd05255]" started-at="2023-07-06T07:53:27 IST" name="enterPassword" finished-at="2023-07-06T07:53:28 IST" duration-ms="496" status="PASS">
          <reporter-output>
          </reporter-output>
        </test-method> <!-- enterPassword -->
        <test-method is-config="true" signature="wait2()[pri:0, instance:Listeners.LoginTest@dd05255]" started-at="2023-07-06T07:53:28 IST" name="wait2" finished-at="2023-07-06T07:53:28 IST" duration-ms="14" status="PASS">
          <reporter-output>
          </reporter-output>
        </test-method> <!-- wait2 -->
        <test-method is-config="true" signature="wait1()[pri:0, instance:Listeners.LoginTest@dd05255]" started-at="2023-07-06T07:53:28 IST" name="wait1" finished-at="2023-07-06T07:53:28 IST" duration-ms="14" status="PASS">
          <reporter-output>
          </reporter-output>
        </test-method> <!-- wait1 -->
        <test-method signature="clickLogin()[pri:3, instance:Listeners.LoginTest@dd05255]" started-at="2023-07-06T07:53:28 IST" name="clickLogin" finished-at="2023-07-06T07:53:29 IST" duration-ms="1584" status="PASS">
          <reporter-output>
          </reporter-output>
        </test-method> <!-- clickLogin -->
        <test-method is-config="true" signature="wait2()[pri:0, instance:Listeners.LoginTest@dd05255]" started-at="2023-07-06T07:53:30 IST" name="wait2" finished-at="2023-07-06T07:53:30 IST" duration-ms="49" status="PASS">
          <reporter-output>
          </reporter-output>
        </test-method> <!-- wait2 -->
        <test-method is-config="true" signature="closeBrowser()[pri:0, instance:Listeners.LoginTest@dd05255]" started-at="2023-07-06T07:53:30 IST" name="closeBrowser" finished-at="2023-07-06T07:53:31 IST" duration-ms="1567" status="PASS">
          <reporter-output>
          </reporter-output>
        </test-method> <!-- closeBrowser -->
      </class> <!-- Listeners.LoginTest -->
    </test> <!-- Default test -->
  </suite> <!-- Default suite -->
</testng-results>
